0 info it worked if it ends with ok
1 verbose cli [ 'C:\\Program Files\\nodejs\\node.exe',
1 verbose cli   'C:\\Program Files\\nodejs\\node_modules\\npm\\bin\\npm-cli.js',
1 verbose cli   'start' ]
2 info using npm@3.10.10
3 info using node@v6.11.0
4 verbose run-script [ 'prestart', 'start', 'poststart' ]
5 info lifecycle api@0.0.0~prestart: api@0.0.0
6 silly lifecycle api@0.0.0~prestart: no script for prestart, continuing
7 info lifecycle api@0.0.0~start: api@0.0.0
8 verbose lifecycle api@0.0.0~start: unsafe-perm in lifecycle true
9 verbose lifecycle api@0.0.0~start: PATH: C:\Users\TAMARSO\AppData\Roaming\nvm\v6.11.0\node_modules\npm\bin\node-gyp-bin;C:\Users\TAMARSO\Desktop\movies_api\api\node_modules\.bin;C:\Program Files\Common Files\Oracle\Java\javapath;C:\WINDOWS\system32;C:\WINDOWS;C:\WINDOWS\System32\Wbem;C:\WINDOWS\System32\WindowsPowerShell\v1.0\;C:\WINDOWS\System32\OpenSSH\;C:\Program Files (x86)\Intel\Intel(R) Management Engine Components\DAL;C:\Program Files\Intel\Intel(R) Management Engine Components\DAL;C:\scripts;C:\Program Files\Perforce\;C:\Users\TAMARSO\Desktop\java2\apache-maven-3.8.3\bin;C:\Program Files\Git\cmd;C:\Users\TAMARSO\AppData\Roaming\nvm;C:\Program Files\nodejs;C:\Users\TAMARSO\AppData\Local\Microsoft\WindowsApps;C:\Users\TAMARSO\AppData\Local\Programs\Microsoft VS Code\bin;C:\Users\TAMARSO\AppData\Roaming\nvm;C:\Program Files\nodejs;C:\Users\TAMARSO\AppData\Local\Programs\Fiddler;C:\Users\TAMARSO\AppData\Roaming\nvm;C:\Program Files\nodejs
10 verbose lifecycle api@0.0.0~start: CWD: C:\Users\TAMARSO\Desktop\movies_api\api
11 silly lifecycle api@0.0.0~start: Args: [ '/d /s /c', 'node app.js' ]
12 silly lifecycle api@0.0.0~start: Returned: code: 1  signal: null
13 info lifecycle api@0.0.0~start: Failed to exec start script
14 verbose stack Error: api@0.0.0 start: `node app.js`
14 verbose stack Exit status 1
14 verbose stack     at EventEmitter.<anonymous> (C:\Users\TAMARSO\AppData\Roaming\nvm\v6.11.0\node_modules\npm\lib\utils\lifecycle.js:255:16)
14 verbose stack     at emitTwo (events.js:106:13)
14 verbose stack     at EventEmitter.emit (events.js:191:7)
14 verbose stack     at ChildProcess.<anonymous> (C:\Users\TAMARSO\AppData\Roaming\nvm\v6.11.0\node_modules\npm\lib\utils\spawn.js:40:14)
14 verbose stack     at emitTwo (events.js:106:13)
14 verbose stack     at ChildProcess.emit (events.js:191:7)
14 verbose stack     at maybeClose (internal/child_process.js:891:16)
14 verbose stack     at Process.ChildProcess._handle.onexit (internal/child_process.js:226:5)
15 verbose pkgid api@0.0.0
16 verbose cwd C:\Users\TAMARSO\Desktop\movies_api\api
17 error Windows_NT 10.0.19042
18 error argv "C:\\Program Files\\nodejs\\node.exe" "C:\\Program Files\\nodejs\\node_modules\\npm\\bin\\npm-cli.js" "start"
19 error node v6.11.0
20 error npm  v3.10.10
21 error code ELIFECYCLE
22 error api@0.0.0 start: `node app.js`
22 error Exit status 1
23 error Failed at the api@0.0.0 start script 'node app.js'.
23 error Make sure you have the latest version of node.js and npm installed.
23 error If you do, this is most likely a problem with the api package,
23 error not with npm itself.
23 error Tell the author that this fails on your system:
23 error     node app.js
23 error You can get information on how to open an issue for this project with:
23 error     npm bugs api
23 error Or if that isn't available, you can get their info via:
23 error     npm owner ls api
23 error There is likely additional logging output above.
24 verbose exit [ 1, true ]
